<?xml version="1.0" encoding="UTF-8"?>
<!-- Generated by org.testng.reporters.JUnitReportReporter -->
<testsuite hostname="Ankush-PC" name="tests.ui.LoginTest" tests="1" failures="0" timestamp="23 Oct 2017 07:00:34 GMT" time="13.952" errors="0">
  <testcase name="loginTest" time="13.952" classname="tests.ui.LoginTest"/>
</testsuite> <!-- tests.ui.LoginTest -->
